# JRE version: OpenJDK Runtime Environment (8.0_302-b08) (build 1.8.0_302-b08)
# Java VM: OpenJDK 64-Bit Server VM (25.302-b08 mixed mode windows-amd64 compressed oops)
Heap:
 PSYoungGen      total 155136K, used 43386K [0x00000000e0c00000, 0x00000000eca00000, 0x0000000100000000)
  eden space 142848K, 24% used [0x00000000e0c00000,0x00000000e2dd6770,0x00000000e9780000)
  from space 12288K, 71% used [0x00000000e9780000,0x00000000ea0080f8,0x00000000ea380000)
  to   space 12288K, 0% used [0x00000000ebe00000,0x00000000ebe00000,0x00000000eca00000)
 ParOldGen       total 56320K, used 17028K [0x00000000a2400000, 0x00000000a5b00000, 0x00000000e0c00000)
  object space 56320K, 30% used [0x00000000a2400000,0x00000000a34a11f0,0x00000000a5b00000)
 Metaspace       used 33277K, capacity 35292K, committed 35496K, reserved 1081344K
  class space    used 3847K, capacity 4491K, committed 4608K, reserved 1048576K
GC Heap History (10 events):
Event: 5.207 GC heap before
{Heap before GC invocations=6 (full 0):
 PSYoungGen      total 52736K, used 11433K [0x00000000e0c00000, 0x00000000e7f00000, 0x0000000100000000)
  eden space 49152K, 16% used [0x00000000e0c00000,0x00000000e13ae688,0x00000000e3c00000)
  from space 3584K, 99% used [0x00000000e3c00000,0x00000000e3f7c030,0x00000000e3f80000)
  to   space 9728K, 0% used [0x00000000e7580000,0x00000000e7580000,0x00000000e7f00000)
 ParOldGen       total 64512K, used 12952K [0x00000000a2400000, 0x00000000a6300000, 0x00000000e0c00000)
  object space 64512K, 20% used [0x00000000a2400000,0x00000000a30a61c0,0x00000000a6300000)
 Metaspace       used 20273K, capacity 21178K, committed 21296K, reserved 1067008K
  class space    used 2438K, capacity 2828K, committed 2944K, reserved 1048576K
Event: 5.221 GC heap after
Heap after GC invocations=6 (full 0):
 PSYoungGen      total 108032K, used 4555K [0x00000000e0c00000, 0x00000000e7f00000, 0x0000000100000000)
  eden space 98304K, 0% used [0x00000000e0c00000,0x00000000e0c00000,0x00000000e6c00000)
  from space 9728K, 46% used [0x00000000e7580000,0x00000000e79f2ee8,0x00000000e7f00000)
  to   space 9728K, 0% used [0x00000000e6c00000,0x00000000e6c00000,0x00000000e7580000)
 ParOldGen       total 64512K, used 12952K [0x00000000a2400000, 0x00000000a6300000, 0x00000000e0c00000)
  object space 64512K, 20% used [0x00000000a2400000,0x00000000a30a61c0,0x00000000a6300000)
 Metaspace       used 20273K, capacity 21178K, committed 21296K, reserved 1067008K
  class space    used 2438K, capacity 2828K, committed 2944K, reserved 1048576K
}
Event: 5.221 GC heap before
{Heap before GC invocations=7 (full 1):
 PSYoungGen      total 108032K, used 4555K [0x00000000e0c00000, 0x00000000e7f00000, 0x0000000100000000)
  eden space 98304K, 0% used [0x00000000e0c00000,0x00000000e0c00000,0x00000000e6c00000)
  from space 9728K, 46% used [0x00000000e7580000,0x00000000e79f2ee8,0x00000000e7f00000)
  to   space 9728K, 0% used [0x00000000e6c00000,0x00000000e6c00000,0x00000000e7580000)
 ParOldGen       total 64512K, used 12952K [0x00000000a2400000, 0x00000000a6300000, 0x00000000e0c00000)
  object space 64512K, 20% used [0x00000000a2400000,0x00000000a30a61c0,0x00000000a6300000)
 Metaspace       used 20273K, capacity 21178K, committed 21296K, reserved 1067008K
  class space    used 2438K, capacity 2828K, committed 2944K, reserved 1048576K
Event: 5.329 GC heap after
Heap after GC invocations=7 (full 1):
 PSYoungGen      total 108032K, used 0K [0x00000000e0c00000, 0x00000000e7f00000, 0x0000000100000000)
  eden space 98304K, 0% used [0x00000000e0c00000,0x00000000e0c00000,0x00000000e6c00000)
  from space 9728K, 0% used [0x00000000e7580000,0x00000000e7580000,0x00000000e7f00000)
  to   space 9728K, 0% used [0x00000000e6c00000,0x00000000e6c00000,0x00000000e7580000)
 ParOldGen       total 56320K, used 14707K [0x00000000a2400000, 0x00000000a5b00000, 0x00000000e0c00000)
  object space 56320K, 26% used [0x00000000a2400000,0x00000000a325cc50,0x00000000a5b00000)
 Metaspace       used 20273K, capacity 21178K, committed 21296K, reserved 1067008K
  class space    used 2438K, capacity 2828K, committed 2944K, reserved 1048576K
}
Event: 10.433 GC heap before
{Heap before GC invocations=8 (full 1):
 PSYoungGen      total 108032K, used 98304K [0x00000000e0c00000, 0x00000000e7f00000, 0x0000000100000000)
  eden space 98304K, 100% used [0x00000000e0c00000,0x00000000e6c00000,0x00000000e6c00000)
  from space 9728K, 0% used [0x00000000e7580000,0x00000000e7580000,0x00000000e7f00000)
  to   space 9728K, 0% used [0x00000000e6c00000,0x00000000e6c00000,0x00000000e7580000)
 ParOldGen       total 56320K, used 14707K [0x00000000a2400000, 0x00000000a5b00000, 0x00000000e0c00000)
  object space 56320K, 26% used [0x00000000a2400000,0x00000000a325cc50,0x00000000a5b00000)
 Metaspace       used 30703K, capacity 32092K, committed 32128K, reserved 1077248K
  class space    used 3710K, capacity 4210K, committed 4224K, reserved 1048576K
Event: 10.446 GC heap after
Heap after GC invocations=8 (full 1):
 PSYoungGen      total 108032K, used 9712K [0x00000000e0c00000, 0x00000000eb380000, 0x0000000100000000)
  eden space 98304K, 0% used [0x00000000e0c00000,0x00000000e0c00000,0x00000000e6c00000)
  from space 9728K, 99% used [0x00000000e6c00000,0x00000000e757c388,0x00000000e7580000)
  to   space 12288K, 0% used [0x00000000ea780000,0x00000000ea780000,0x00000000eb380000)
 ParOldGen       total 56320K, used 17012K [0x00000000a2400000, 0x00000000a5b00000, 0x00000000e0c00000)
  object space 56320K, 30% used [0x00000000a2400000,0x00000000a349d1f0,0x00000000a5b00000)
 Metaspace       used 30703K, capacity 32092K, committed 32128K, reserved 1077248K
  class space    used 3710K, capacity 4210K, committed 4224K, reserved 1048576K
}
Event: 33.728 GC heap before
{Heap before GC invocations=9 (full 1):
 PSYoungGen      total 108032K, used 108016K [0x00000000e0c00000, 0x00000000eb380000, 0x0000000100000000)
  eden space 98304K, 100% used [0x00000000e0c00000,0x00000000e6c00000,0x00000000e6c00000)
  from space 9728K, 99% used [0x00000000e6c00000,0x00000000e757c388,0x00000000e7580000)
  to   space 12288K, 0% used [0x00000000ea780000,0x00000000ea780000,0x00000000eb380000)
 ParOldGen       total 56320K, used 17012K [0x00000000a2400000, 0x00000000a5b00000, 0x00000000e0c00000)
  object space 56320K, 30% used [0x00000000a2400000,0x00000000a349d1f0,0x00000000a5b00000)
 Metaspace       used 32249K, capacity 34150K, committed 34432K, reserved 1079296K
  class space    used 3817K, capacity 4413K, committed 4480K, reserved 1048576K
Event: 33.740 GC heap after
Heap after GC invocations=9 (full 1):
 PSYoungGen      total 147968K, used 7760K [0x00000000e0c00000, 0x00000000eaf80000, 0x0000000100000000)
  eden space 139776K, 0% used [0x00000000e0c00000,0x00000000e0c00000,0x00000000e9480000)
  from space 8192K, 94% used [0x00000000ea780000,0x00000000eaf14118,0x00000000eaf80000)
  to   space 12288K, 0% used [0x00000000e9780000,0x00000000e9780000,0x00000000ea380000)
 ParOldGen       total 56320K, used 17020K [0x00000000a2400000, 0x00000000a5b00000, 0x00000000e0c00000)
  object space 56320K, 30% used [0x00000000a2400000,0x00000000a349f1f0,0x00000000a5b00000)
 Metaspace       used 32249K, capacity 34150K, committed 34432K, reserved 1079296K
  class space    used 3817K, capacity 4413K, committed 4480K, reserved 1048576K
}
Event: 66.959 GC heap before
{Heap before GC invocations=10 (full 1):
 PSYoungGen      total 147968K, used 147536K [0x00000000e0c00000, 0x00000000eaf80000, 0x0000000100000000)
  eden space 139776K, 100% used [0x00000000e0c00000,0x00000000e9480000,0x00000000e9480000)
  from space 8192K, 94% used [0x00000000ea780000,0x00000000eaf14118,0x00000000eaf80000)
  to   space 12288K, 0% used [0x00000000e9780000,0x00000000e9780000,0x00000000ea380000)
 ParOldGen       total 56320K, used 17020K [0x00000000a2400000, 0x00000000a5b00000, 0x00000000e0c00000)
  object space 56320K, 30% used [0x00000000a2400000,0x00000000a349f1f0,0x00000000a5b00000)
 Metaspace       used 33118K, capacity 35116K, committed 35200K, reserved 1079296K
  class space    used 3841K, capacity 4475K, committed 4480K, reserved 1048576K
Event: 66.977 GC heap after
Heap after GC invocations=10 (full 1):
 PSYoungGen      total 155136K, used 8736K [0x00000000e0c00000, 0x00000000eca00000, 0x0000000100000000)
  eden space 142848K, 0% used [0x00000000e0c00000,0x00000000e0c00000,0x00000000e9780000)
  from space 12288K, 71% used [0x00000000e9780000,0x00000000ea0080f8,0x00000000ea380000)
  to   space 12288K, 0% used [0x00000000ebe00000,0x00000000ebe00000,0x00000000eca00000)
 ParOldGen       total 56320K, used 17028K [0x00000000a2400000, 0x00000000a5b00000, 0x00000000e0c00000)
  object space 56320K, 30% used [0x00000000a2400000,0x00000000a34a11f0,0x00000000a5b00000)
 Metaspace       used 33118K, capacity 35116K, committed 35200K, reserved 1079296K
  class space    used 3841K, capacity 4475K, committed 4480K, reserved 1048576K
}

