# JRE version: OpenJDK Runtime Environment (8.0_302-b08) (build 1.8.0_302-b08)
# Java VM: OpenJDK 64-Bit Server VM (25.302-b08 mixed mode windows-amd64 compressed oops)
Heap:
 PSYoungGen      total 108032K, used 87639K [0x00000000e0c00000, 0x00000000e7f00000, 0x0000000100000000)
  eden space 98304K, 89% used [0x00000000e0c00000,0x00000000e6195cf8,0x00000000e6c00000)
  from space 9728K, 0% used [0x00000000e7580000,0x00000000e7580000,0x00000000e7f00000)
  to   space 9728K, 0% used [0x00000000e6c00000,0x00000000e6c00000,0x00000000e7580000)
 ParOldGen       total 54784K, used 13571K [0x00000000a2400000, 0x00000000a5980000, 0x00000000e0c00000)
  object space 54784K, 24% used [0x00000000a2400000,0x00000000a3140f08,0x00000000a5980000)
 Metaspace       used 30278K, capacity 31544K, committed 31616K, reserved 1077248K
  class space    used 3686K, capacity 4168K, committed 4224K, reserved 1048576K
GC Heap History (10 events):
Event: 3.017 GC heap before
{Heap before GC invocations=3 (full 0):
 PSYoungGen      total 28160K, used 28153K [0x00000000e0c00000, 0x00000000e2b00000, 0x0000000100000000)
  eden space 24576K, 100% used [0x00000000e0c00000,0x00000000e2400000,0x00000000e2400000)
  from space 3584K, 99% used [0x00000000e2780000,0x00000000e2afe5e0,0x00000000e2b00000)
  to   space 3584K, 0% used [0x00000000e2400000,0x00000000e2400000,0x00000000e2780000)
 ParOldGen       total 64512K, used 2900K [0x00000000a2400000, 0x00000000a6300000, 0x00000000e0c00000)
  object space 64512K, 4% used [0x00000000a2400000,0x00000000a26d5150,0x00000000a6300000)
 Metaspace       used 16286K, capacity 16762K, committed 16896K, reserved 1064960K
  class space    used 1792K, capacity 1929K, committed 2048K, reserved 1048576K
Event: 3.028 GC heap after
Heap after GC invocations=3 (full 0):
 PSYoungGen      total 28160K, used 3568K [0x00000000e0c00000, 0x00000000e4300000, 0x0000000100000000)
  eden space 24576K, 0% used [0x00000000e0c00000,0x00000000e0c00000,0x00000000e2400000)
  from space 3584K, 99% used [0x00000000e2400000,0x00000000e277c030,0x00000000e2780000)
  to   space 3584K, 0% used [0x00000000e3f80000,0x00000000e3f80000,0x00000000e4300000)
 ParOldGen       total 64512K, used 6627K [0x00000000a2400000, 0x00000000a6300000, 0x00000000e0c00000)
  object space 64512K, 10% used [0x00000000a2400000,0x00000000a2a78f58,0x00000000a6300000)
 Metaspace       used 16286K, capacity 16762K, committed 16896K, reserved 1064960K
  class space    used 1792K, capacity 1929K, committed 2048K, reserved 1048576K
}
Event: 3.571 GC heap before
{Heap before GC invocations=4 (full 0):
 PSYoungGen      total 28160K, used 28144K [0x00000000e0c00000, 0x00000000e4300000, 0x0000000100000000)
  eden space 24576K, 100% used [0x00000000e0c00000,0x00000000e2400000,0x00000000e2400000)
  from space 3584K, 99% used [0x00000000e2400000,0x00000000e277c030,0x00000000e2780000)
  to   space 3584K, 0% used [0x00000000e3f80000,0x00000000e3f80000,0x00000000e4300000)
 ParOldGen       total 64512K, used 6627K [0x00000000a2400000, 0x00000000a6300000, 0x00000000e0c00000)
  object space 64512K, 10% used [0x00000000a2400000,0x00000000a2a78f58,0x00000000a6300000)
 Metaspace       used 16807K, capacity 17472K, committed 17536K, reserved 1064960K
  class space    used 1895K, capacity 2175K, committed 2176K, reserved 1048576K
Event: 3.583 GC heap after
Heap after GC invocations=4 (full 0):
 PSYoungGen      total 52736K, used 3568K [0x00000000e0c00000, 0x00000000e4300000, 0x0000000100000000)
  eden space 49152K, 0% used [0x00000000e0c00000,0x00000000e0c00000,0x00000000e3c00000)
  from space 3584K, 99% used [0x00000000e3f80000,0x00000000e42fc010,0x00000000e4300000)
  to   space 3584K, 0% used [0x00000000e3c00000,0x00000000e3c00000,0x00000000e3f80000)
 ParOldGen       total 64512K, used 8015K [0x00000000a2400000, 0x00000000a6300000, 0x00000000e0c00000)
  object space 64512K, 12% used [0x00000000a2400000,0x00000000a2bd3c08,0x00000000a6300000)
 Metaspace       used 16807K, capacity 17472K, committed 17536K, reserved 1064960K
  class space    used 1895K, capacity 2175K, committed 2176K, reserved 1048576K
}
Event: 5.406 GC heap before
{Heap before GC invocations=5 (full 0):
 PSYoungGen      total 52736K, used 52720K [0x00000000e0c00000, 0x00000000e4300000, 0x0000000100000000)
  eden space 49152K, 100% used [0x00000000e0c00000,0x00000000e3c00000,0x00000000e3c00000)
  from space 3584K, 99% used [0x00000000e3f80000,0x00000000e42fc010,0x00000000e4300000)
  to   space 3584K, 0% used [0x00000000e3c00000,0x00000000e3c00000,0x00000000e3f80000)
 ParOldGen       total 64512K, used 8015K [0x00000000a2400000, 0x00000000a6300000, 0x00000000e0c00000)
  object space 64512K, 12% used [0x00000000a2400000,0x00000000a2bd3c08,0x00000000a6300000)
 Metaspace       used 19509K, capacity 20418K, committed 20608K, reserved 1067008K
  class space    used 2303K, capacity 2673K, committed 2688K, reserved 1048576K
Event: 5.437 GC heap after
Heap after GC invocations=5 (full 0):
 PSYoungGen      total 52736K, used 3568K [0x00000000e0c00000, 0x00000000e7f00000, 0x0000000100000000)
  eden space 49152K, 0% used [0x00000000e0c00000,0x00000000e0c00000,0x00000000e3c00000)
  from space 3584K, 99% used [0x00000000e3c00000,0x00000000e3f7c010,0x00000000e3f80000)
  to   space 9728K, 0% used [0x00000000e7580000,0x00000000e7580000,0x00000000e7f00000)
 ParOldGen       total 64512K, used 12961K [0x00000000a2400000, 0x00000000a6300000, 0x00000000e0c00000)
  object space 64512K, 20% used [0x00000000a2400000,0x00000000a30a84a8,0x00000000a6300000)
 Metaspace       used 19509K, capacity 20418K, committed 20608K, reserved 1067008K
  class space    used 2303K, capacity 2673K, committed 2688K, reserved 1048576K
}
Event: 5.771 GC heap before
{Heap before GC invocations=6 (full 0):
 PSYoungGen      total 52736K, used 11406K [0x00000000e0c00000, 0x00000000e7f00000, 0x0000000100000000)
  eden space 49152K, 15% used [0x00000000e0c00000,0x00000000e13a7920,0x00000000e3c00000)
  from space 3584K, 99% used [0x00000000e3c00000,0x00000000e3f7c010,0x00000000e3f80000)
  to   space 9728K, 0% used [0x00000000e7580000,0x00000000e7580000,0x00000000e7f00000)
 ParOldGen       total 64512K, used 12961K [0x00000000a2400000, 0x00000000a6300000, 0x00000000e0c00000)
  object space 64512K, 20% used [0x00000000a2400000,0x00000000a30a84a8,0x00000000a6300000)
 Metaspace       used 20202K, capacity 21126K, committed 21296K, reserved 1067008K
  class space    used 2427K, capacity 2828K, committed 2944K, reserved 1048576K
Event: 5.781 GC heap after
Heap after GC invocations=6 (full 0):
 PSYoungGen      total 108032K, used 4523K [0x00000000e0c00000, 0x00000000e7f00000, 0x0000000100000000)
  eden space 98304K, 0% used [0x00000000e0c00000,0x00000000e0c00000,0x00000000e6c00000)
  from space 9728K, 46% used [0x00000000e7580000,0x00000000e79eaee8,0x00000000e7f00000)
  to   space 9728K, 0% used [0x00000000e6c00000,0x00000000e6c00000,0x00000000e7580000)
 ParOldGen       total 64512K, used 12961K [0x00000000a2400000, 0x00000000a6300000, 0x00000000e0c00000)
  object space 64512K, 20% used [0x00000000a2400000,0x00000000a30a84a8,0x00000000a6300000)
 Metaspace       used 20202K, capacity 21126K, committed 21296K, reserved 1067008K
  class space    used 2427K, capacity 2828K, committed 2944K, reserved 1048576K
}
Event: 5.781 GC heap before
{Heap before GC invocations=7 (full 1):
 PSYoungGen      total 108032K, used 4523K [0x00000000e0c00000, 0x00000000e7f00000, 0x0000000100000000)
  eden space 98304K, 0% used [0x00000000e0c00000,0x00000000e0c00000,0x00000000e6c00000)
  from space 9728K, 46% used [0x00000000e7580000,0x00000000e79eaee8,0x00000000e7f00000)
  to   space 9728K, 0% used [0x00000000e6c00000,0x00000000e6c00000,0x00000000e7580000)
 ParOldGen       total 64512K, used 12961K [0x00000000a2400000, 0x00000000a6300000, 0x00000000e0c00000)
  object space 64512K, 20% used [0x00000000a2400000,0x00000000a30a84a8,0x00000000a6300000)
 Metaspace       used 20202K, capacity 21126K, committed 21296K, reserved 1067008K
  class space    used 2427K, capacity 2828K, committed 2944K, reserved 1048576K
Event: 5.857 GC heap after
Heap after GC invocations=7 (full 1):
 PSYoungGen      total 108032K, used 0K [0x00000000e0c00000, 0x00000000e7f00000, 0x0000000100000000)
  eden space 98304K, 0% used [0x00000000e0c00000,0x00000000e0c00000,0x00000000e6c00000)
  from space 9728K, 0% used [0x00000000e7580000,0x00000000e7580000,0x00000000e7f00000)
  to   space 9728K, 0% used [0x00000000e6c00000,0x00000000e6c00000,0x00000000e7580000)
 ParOldGen       total 54784K, used 13571K [0x00000000a2400000, 0x00000000a5980000, 0x00000000e0c00000)
  object space 54784K, 24% used [0x00000000a2400000,0x00000000a3140f08,0x00000000a5980000)
 Metaspace       used 20202K, capacity 21126K, committed 21296K, reserved 1067008K
  class space    used 2427K, capacity 2828K, committed 2944K, reserved 1048576K
}

