# JRE version: OpenJDK Runtime Environment (8.0_302-b08) (build 1.8.0_302-b08)
# Java VM: OpenJDK 64-Bit Server VM (25.302-b08 mixed mode windows-amd64 compressed oops)
Heap:
 PSYoungGen      total 108032K, used 15687K [0x00000000e0c00000, 0x00000000eb780000, 0x0000000100000000)
  eden space 98304K, 6% used [0x00000000e0c00000,0x00000000e11d8870,0x00000000e6c00000)
  from space 9728K, 99% used [0x00000000e6c00000,0x00000000e7579508,0x00000000e7580000)
  to   space 12288K, 0% used [0x00000000eab80000,0x00000000eab80000,0x00000000eb780000)
 ParOldGen       total 55296K, used 17031K [0x00000000a2400000, 0x00000000a5a00000, 0x00000000e0c00000)
  object space 55296K, 30% used [0x00000000a2400000,0x00000000a34a1eb8,0x00000000a5a00000)
 Metaspace       used 30807K, capacity 32176K, committed 32384K, reserved 1077248K
  class space    used 3714K, capacity 4213K, committed 4224K, reserved 1048576K
GC Heap History (10 events):
Event: 3.870 GC heap before
{Heap before GC invocations=4 (full 0):
 PSYoungGen      total 28160K, used 28128K [0x00000000e0c00000, 0x00000000e4300000, 0x0000000100000000)
  eden space 24576K, 100% used [0x00000000e0c00000,0x00000000e2400000,0x00000000e2400000)
  from space 3584K, 99% used [0x00000000e2400000,0x00000000e2778020,0x00000000e2780000)
  to   space 3584K, 0% used [0x00000000e3f80000,0x00000000e3f80000,0x00000000e4300000)
 ParOldGen       total 64512K, used 6606K [0x00000000a2400000, 0x00000000a6300000, 0x00000000e0c00000)
  object space 64512K, 10% used [0x00000000a2400000,0x00000000a2a739f0,0x00000000a6300000)
 Metaspace       used 16804K, capacity 17468K, committed 17536K, reserved 1064960K
  class space    used 1897K, capacity 2175K, committed 2176K, reserved 1048576K
Event: 3.888 GC heap after
Heap after GC invocations=4 (full 0):
 PSYoungGen      total 52736K, used 3568K [0x00000000e0c00000, 0x00000000e4300000, 0x0000000100000000)
  eden space 49152K, 0% used [0x00000000e0c00000,0x00000000e0c00000,0x00000000e3c00000)
  from space 3584K, 99% used [0x00000000e3f80000,0x00000000e42fc010,0x00000000e4300000)
  to   space 3584K, 0% used [0x00000000e3c00000,0x00000000e3c00000,0x00000000e3f80000)
 ParOldGen       total 64512K, used 8006K [0x00000000a2400000, 0x00000000a6300000, 0x00000000e0c00000)
  object space 64512K, 12% used [0x00000000a2400000,0x00000000a2bd1b40,0x00000000a6300000)
 Metaspace       used 16804K, capacity 17468K, committed 17536K, reserved 1064960K
  class space    used 1897K, capacity 2175K, committed 2176K, reserved 1048576K
}
Event: 4.769 GC heap before
{Heap before GC invocations=5 (full 0):
 PSYoungGen      total 52736K, used 52720K [0x00000000e0c00000, 0x00000000e4300000, 0x0000000100000000)
  eden space 49152K, 100% used [0x00000000e0c00000,0x00000000e3c00000,0x00000000e3c00000)
  from space 3584K, 99% used [0x00000000e3f80000,0x00000000e42fc010,0x00000000e4300000)
  to   space 3584K, 0% used [0x00000000e3c00000,0x00000000e3c00000,0x00000000e3f80000)
 ParOldGen       total 64512K, used 8006K [0x00000000a2400000, 0x00000000a6300000, 0x00000000e0c00000)
  object space 64512K, 12% used [0x00000000a2400000,0x00000000a2bd1b40,0x00000000a6300000)
 Metaspace       used 19464K, capacity 20350K, committed 20608K, reserved 1067008K
  class space    used 2307K, capacity 2673K, committed 2688K, reserved 1048576K
Event: 4.797 GC heap after
Heap after GC invocations=5 (full 0):
 PSYoungGen      total 52736K, used 3552K [0x00000000e0c00000, 0x00000000e7f00000, 0x0000000100000000)
  eden space 49152K, 0% used [0x00000000e0c00000,0x00000000e0c00000,0x00000000e3c00000)
  from space 3584K, 99% used [0x00000000e3c00000,0x00000000e3f78040,0x00000000e3f80000)
  to   space 9728K, 0% used [0x00000000e7580000,0x00000000e7580000,0x00000000e7f00000)
 ParOldGen       total 64512K, used 12955K [0x00000000a2400000, 0x00000000a6300000, 0x00000000e0c00000)
  object space 64512K, 20% used [0x00000000a2400000,0x00000000a30a6fd0,0x00000000a6300000)
 Metaspace       used 19464K, capacity 20350K, committed 20608K, reserved 1067008K
  class space    used 2307K, capacity 2673K, committed 2688K, reserved 1048576K
}
Event: 5.154 GC heap before
{Heap before GC invocations=6 (full 0):
 PSYoungGen      total 52736K, used 11460K [0x00000000e0c00000, 0x00000000e7f00000, 0x0000000100000000)
  eden space 49152K, 16% used [0x00000000e0c00000,0x00000000e13b90e0,0x00000000e3c00000)
  from space 3584K, 99% used [0x00000000e3c00000,0x00000000e3f78040,0x00000000e3f80000)
  to   space 9728K, 0% used [0x00000000e7580000,0x00000000e7580000,0x00000000e7f00000)
 ParOldGen       total 64512K, used 12955K [0x00000000a2400000, 0x00000000a6300000, 0x00000000e0c00000)
  object space 64512K, 20% used [0x00000000a2400000,0x00000000a30a6fd0,0x00000000a6300000)
 Metaspace       used 20190K, capacity 21122K, committed 21296K, reserved 1067008K
  class space    used 2435K, capacity 2828K, committed 2944K, reserved 1048576K
Event: 5.164 GC heap after
Heap after GC invocations=6 (full 0):
 PSYoungGen      total 108032K, used 4507K [0x00000000e0c00000, 0x00000000e7f00000, 0x0000000100000000)
  eden space 98304K, 0% used [0x00000000e0c00000,0x00000000e0c00000,0x00000000e6c00000)
  from space 9728K, 46% used [0x00000000e7580000,0x00000000e79e6f18,0x00000000e7f00000)
  to   space 9728K, 0% used [0x00000000e6c00000,0x00000000e6c00000,0x00000000e7580000)
 ParOldGen       total 64512K, used 12955K [0x00000000a2400000, 0x00000000a6300000, 0x00000000e0c00000)
  object space 64512K, 20% used [0x00000000a2400000,0x00000000a30a6fd0,0x00000000a6300000)
 Metaspace       used 20190K, capacity 21122K, committed 21296K, reserved 1067008K
  class space    used 2435K, capacity 2828K, committed 2944K, reserved 1048576K
}
Event: 5.164 GC heap before
{Heap before GC invocations=7 (full 1):
 PSYoungGen      total 108032K, used 4507K [0x00000000e0c00000, 0x00000000e7f00000, 0x0000000100000000)
  eden space 98304K, 0% used [0x00000000e0c00000,0x00000000e0c00000,0x00000000e6c00000)
  from space 9728K, 46% used [0x00000000e7580000,0x00000000e79e6f18,0x00000000e7f00000)
  to   space 9728K, 0% used [0x00000000e6c00000,0x00000000e6c00000,0x00000000e7580000)
 ParOldGen       total 64512K, used 12955K [0x00000000a2400000, 0x00000000a6300000, 0x00000000e0c00000)
  object space 64512K, 20% used [0x00000000a2400000,0x00000000a30a6fd0,0x00000000a6300000)
 Metaspace       used 20190K, capacity 21122K, committed 21296K, reserved 1067008K
  class space    used 2435K, capacity 2828K, committed 2944K, reserved 1048576K
Event: 5.246 GC heap after
Heap after GC invocations=7 (full 1):
 PSYoungGen      total 108032K, used 0K [0x00000000e0c00000, 0x00000000e7f00000, 0x0000000100000000)
  eden space 98304K, 0% used [0x00000000e0c00000,0x00000000e0c00000,0x00000000e6c00000)
  from space 9728K, 0% used [0x00000000e7580000,0x00000000e7580000,0x00000000e7f00000)
  to   space 9728K, 0% used [0x00000000e6c00000,0x00000000e6c00000,0x00000000e7580000)
 ParOldGen       total 55296K, used 14706K [0x00000000a2400000, 0x00000000a5a00000, 0x00000000e0c00000)
  object space 55296K, 26% used [0x00000000a2400000,0x00000000a325c898,0x00000000a5a00000)
 Metaspace       used 20190K, capacity 21122K, committed 21296K, reserved 1067008K
  class space    used 2435K, capacity 2828K, committed 2944K, reserved 1048576K
}
Event: 10.576 GC heap before
{Heap before GC invocations=8 (full 1):
 PSYoungGen      total 108032K, used 98304K [0x00000000e0c00000, 0x00000000e7f00000, 0x0000000100000000)
  eden space 98304K, 100% used [0x00000000e0c00000,0x00000000e6c00000,0x00000000e6c00000)
  from space 9728K, 0% used [0x00000000e7580000,0x00000000e7580000,0x00000000e7f00000)
  to   space 9728K, 0% used [0x00000000e6c00000,0x00000000e6c00000,0x00000000e7580000)
 ParOldGen       total 55296K, used 14706K [0x00000000a2400000, 0x00000000a5a00000, 0x00000000e0c00000)
  object space 55296K, 26% used [0x00000000a2400000,0x00000000a325c898,0x00000000a5a00000)
 Metaspace       used 30711K, capacity 32100K, committed 32128K, reserved 1077248K
  class space    used 3711K, capacity 4210K, committed 4224K, reserved 1048576K
Event: 10.594 GC heap after
Heap after GC invocations=8 (full 1):
 PSYoungGen      total 108032K, used 9701K [0x00000000e0c00000, 0x00000000eb780000, 0x0000000100000000)
  eden space 98304K, 0% used [0x00000000e0c00000,0x00000000e0c00000,0x00000000e6c00000)
  from space 9728K, 99% used [0x00000000e6c00000,0x00000000e7579508,0x00000000e7580000)
  to   space 12288K, 0% used [0x00000000eab80000,0x00000000eab80000,0x00000000eb780000)
 ParOldGen       total 55296K, used 17031K [0x00000000a2400000, 0x00000000a5a00000, 0x00000000e0c00000)
  object space 55296K, 30% used [0x00000000a2400000,0x00000000a34a1eb8,0x00000000a5a00000)
 Metaspace       used 30711K, capacity 32100K, committed 32128K, reserved 1077248K
  class space    used 3711K, capacity 4210K, committed 4224K, reserved 1048576K
}

