# JRE version: OpenJDK Runtime Environment (8.0_302-b08) (build 1.8.0_302-b08)
# Java VM: OpenJDK 64-Bit Server VM (25.302-b08 mixed mode windows-amd64 compressed oops)
Heap:
 PSYoungGen      total 47616K, used 17508K [0x00000000e0c00000, 0x00000000e6880000, 0x0000000100000000)
  eden space 44032K, 31% used [0x00000000e0c00000,0x00000000e19993f8,0x00000000e3700000)
  from space 3584K, 100% used [0x00000000e3f80000,0x00000000e4300000,0x00000000e4300000)
  to   space 8704K, 0% used [0x00000000e3700000,0x00000000e3700000,0x00000000e3f80000)
 ParOldGen       total 50688K, used 14185K [0x00000000a2400000, 0x00000000a5580000, 0x00000000e0c00000)
  object space 50688K, 27% used [0x00000000a2400000,0x00000000a31da6e0,0x00000000a5580000)
 Metaspace       used 27424K, capacity 28538K, committed 28592K, reserved 1075200K
  class space    used 3347K, capacity 3744K, committed 3760K, reserved 1048576K
GC Heap History (10 events):
Event: 8.455 GC heap before
{Heap before GC invocations=3 (full 0):
 PSYoungGen      total 28160K, used 28147K [0x00000000e0c00000, 0x00000000e2b00000, 0x0000000100000000)
  eden space 24576K, 100% used [0x00000000e0c00000,0x00000000e2400000,0x00000000e2400000)
  from space 3584K, 99% used [0x00000000e2780000,0x00000000e2afccd8,0x00000000e2b00000)
  to   space 3584K, 0% used [0x00000000e2400000,0x00000000e2400000,0x00000000e2780000)
 ParOldGen       total 64512K, used 3540K [0x00000000a2400000, 0x00000000a6300000, 0x00000000e0c00000)
  object space 64512K, 5% used [0x00000000a2400000,0x00000000a27752c0,0x00000000a6300000)
 Metaspace       used 16197K, capacity 16634K, committed 16896K, reserved 1064960K
  class space    used 1810K, capacity 1950K, committed 2048K, reserved 1048576K
Event: 8.475 GC heap after
Heap after GC invocations=3 (full 0):
 PSYoungGen      total 28160K, used 3552K [0x00000000e0c00000, 0x00000000e4300000, 0x0000000100000000)
  eden space 24576K, 0% used [0x00000000e0c00000,0x00000000e0c00000,0x00000000e2400000)
  from space 3584K, 99% used [0x00000000e2400000,0x00000000e2778020,0x00000000e2780000)
  to   space 3584K, 0% used [0x00000000e3f80000,0x00000000e3f80000,0x00000000e4300000)
 ParOldGen       total 64512K, used 6990K [0x00000000a2400000, 0x00000000a6300000, 0x00000000e0c00000)
  object space 64512K, 10% used [0x00000000a2400000,0x00000000a2ad3be8,0x00000000a6300000)
 Metaspace       used 16197K, capacity 16634K, committed 16896K, reserved 1064960K
  class space    used 1810K, capacity 1950K, committed 2048K, reserved 1048576K
}
Event: 9.158 GC heap before
{Heap before GC invocations=4 (full 0):
 PSYoungGen      total 28160K, used 28096K [0x00000000e0c00000, 0x00000000e4300000, 0x0000000100000000)
  eden space 24576K, 99% used [0x00000000e0c00000,0x00000000e23f8038,0x00000000e2400000)
  from space 3584K, 99% used [0x00000000e2400000,0x00000000e2778020,0x00000000e2780000)
  to   space 3584K, 0% used [0x00000000e3f80000,0x00000000e3f80000,0x00000000e4300000)
 ParOldGen       total 64512K, used 6990K [0x00000000a2400000, 0x00000000a6300000, 0x00000000e0c00000)
  object space 64512K, 10% used [0x00000000a2400000,0x00000000a2ad3be8,0x00000000a6300000)
 Metaspace       used 19325K, capacity 19836K, committed 19968K, reserved 1067008K
  class space    used 2146K, capacity 2296K, committed 2304K, reserved 1048576K
Event: 9.169 GC heap after
Heap after GC invocations=4 (full 0):
 PSYoungGen      total 52736K, used 3568K [0x00000000e0c00000, 0x00000000e4300000, 0x0000000100000000)
  eden space 49152K, 0% used [0x00000000e0c00000,0x00000000e0c00000,0x00000000e3c00000)
  from space 3584K, 99% used [0x00000000e3f80000,0x00000000e42fc030,0x00000000e4300000)
  to   space 3584K, 0% used [0x00000000e3c00000,0x00000000e3c00000,0x00000000e3f80000)
 ParOldGen       total 64512K, used 10714K [0x00000000a2400000, 0x00000000a6300000, 0x00000000e0c00000)
  object space 64512K, 16% used [0x00000000a2400000,0x00000000a2e769d8,0x00000000a6300000)
 Metaspace       used 19325K, capacity 19836K, committed 19968K, reserved 1067008K
  class space    used 2146K, capacity 2296K, committed 2304K, reserved 1048576K
}
Event: 9.791 GC heap before
{Heap before GC invocations=5 (full 0):
 PSYoungGen      total 52736K, used 46952K [0x00000000e0c00000, 0x00000000e4300000, 0x0000000100000000)
  eden space 49152K, 88% used [0x00000000e0c00000,0x00000000e365e228,0x00000000e3c00000)
  from space 3584K, 99% used [0x00000000e3f80000,0x00000000e42fc030,0x00000000e4300000)
  to   space 3584K, 0% used [0x00000000e3c00000,0x00000000e3c00000,0x00000000e3f80000)
 ParOldGen       total 64512K, used 10714K [0x00000000a2400000, 0x00000000a6300000, 0x00000000e0c00000)
  object space 64512K, 16% used [0x00000000a2400000,0x00000000a2e769d8,0x00000000a6300000)
 Metaspace       used 20453K, capacity 21190K, committed 21296K, reserved 1069056K
  class space    used 2327K, capacity 2585K, committed 2608K, reserved 1048576K
Event: 9.807 GC heap after
Heap after GC invocations=5 (full 0):
 PSYoungGen      total 52736K, used 3552K [0x00000000e0c00000, 0x00000000e4300000, 0x0000000100000000)
  eden space 49152K, 0% used [0x00000000e0c00000,0x00000000e0c00000,0x00000000e3c00000)
  from space 3584K, 99% used [0x00000000e3c00000,0x00000000e3f78020,0x00000000e3f80000)
  to   space 3584K, 0% used [0x00000000e3f80000,0x00000000e3f80000,0x00000000e4300000)
 ParOldGen       total 64512K, used 13748K [0x00000000a2400000, 0x00000000a6300000, 0x00000000e0c00000)
  object space 64512K, 21% used [0x00000000a2400000,0x00000000a316d358,0x00000000a6300000)
 Metaspace       used 20453K, capacity 21190K, committed 21296K, reserved 1069056K
  class space    used 2327K, capacity 2585K, committed 2608K, reserved 1048576K
}
Event: 9.807 GC heap before
{Heap before GC invocations=6 (full 1):
 PSYoungGen      total 52736K, used 3552K [0x00000000e0c00000, 0x00000000e4300000, 0x0000000100000000)
  eden space 49152K, 0% used [0x00000000e0c00000,0x00000000e0c00000,0x00000000e3c00000)
  from space 3584K, 99% used [0x00000000e3c00000,0x00000000e3f78020,0x00000000e3f80000)
  to   space 3584K, 0% used [0x00000000e3f80000,0x00000000e3f80000,0x00000000e4300000)
 ParOldGen       total 64512K, used 13748K [0x00000000a2400000, 0x00000000a6300000, 0x00000000e0c00000)
  object space 64512K, 21% used [0x00000000a2400000,0x00000000a316d358,0x00000000a6300000)
 Metaspace       used 20453K, capacity 21190K, committed 21296K, reserved 1069056K
  class space    used 2327K, capacity 2585K, committed 2608K, reserved 1048576K
Event: 9.894 GC heap after
Heap after GC invocations=6 (full 1):
 PSYoungGen      total 52736K, used 0K [0x00000000e0c00000, 0x00000000e4300000, 0x0000000100000000)
  eden space 49152K, 0% used [0x00000000e0c00000,0x00000000e0c00000,0x00000000e3c00000)
  from space 3584K, 0% used [0x00000000e3c00000,0x00000000e3c00000,0x00000000e3f80000)
  to   space 3584K, 0% used [0x00000000e3f80000,0x00000000e3f80000,0x00000000e4300000)
 ParOldGen       total 50688K, used 11325K [0x00000000a2400000, 0x00000000a5580000, 0x00000000e0c00000)
  object space 50688K, 22% used [0x00000000a2400000,0x00000000a2f0f450,0x00000000a5580000)
 Metaspace       used 20453K, capacity 21190K, committed 21296K, reserved 1069056K
  class space    used 2327K, capacity 2585K, committed 2608K, reserved 1048576K
}
Event: 18.766 GC heap before
{Heap before GC invocations=7 (full 1):
 PSYoungGen      total 52736K, used 49152K [0x00000000e0c00000, 0x00000000e4300000, 0x0000000100000000)
  eden space 49152K, 100% used [0x00000000e0c00000,0x00000000e3c00000,0x00000000e3c00000)
  from space 3584K, 0% used [0x00000000e3c00000,0x00000000e3c00000,0x00000000e3f80000)
  to   space 3584K, 0% used [0x00000000e3f80000,0x00000000e3f80000,0x00000000e4300000)
 ParOldGen       total 50688K, used 11325K [0x00000000a2400000, 0x00000000a5580000, 0x00000000e0c00000)
  object space 50688K, 22% used [0x00000000a2400000,0x00000000a2f0f450,0x00000000a5580000)
 Metaspace       used 26431K, capacity 27354K, committed 27696K, reserved 1073152K
  class space    used 3182K, capacity 3516K, committed 3632K, reserved 1048576K
Event: 18.775 GC heap after
Heap after GC invocations=7 (full 1):
 PSYoungGen      total 47616K, used 3584K [0x00000000e0c00000, 0x00000000e6880000, 0x0000000100000000)
  eden space 44032K, 0% used [0x00000000e0c00000,0x00000000e0c00000,0x00000000e3700000)
  from space 3584K, 100% used [0x00000000e3f80000,0x00000000e4300000,0x00000000e4300000)
  to   space 8704K, 0% used [0x00000000e3700000,0x00000000e3700000,0x00000000e3f80000)
 ParOldGen       total 50688K, used 14185K [0x00000000a2400000, 0x00000000a5580000, 0x00000000e0c00000)
  object space 50688K, 27% used [0x00000000a2400000,0x00000000a31da6e0,0x00000000a5580000)
 Metaspace       used 26431K, capacity 27354K, committed 27696K, reserved 1073152K
  class space    used 3182K, capacity 3516K, committed 3632K, reserved 1048576K
}

